<?xml version="1.0" encoding="UTF-8"?>
<!-- Generated by org.testng.reporters.JUnitReportReporter -->
<testsuite hostname="Bharadwaj-B6DD2G2" failures="0" tests="1" name="com.tests.validate_add_friends_through_contract" time="7.670" errors="0" timestamp="2024-04-23T14:58:06 IST" skipped="0">
  <testcase classname="com.tests.validate_add_friends_through_contract" name="TC_003" time="7.670"/>
</testsuite> <!-- com.tests.validate_add_friends_through_contract -->
