<?xml version="1.0" encoding="UTF-8"?>
<!-- Generated by org.testng.reporters.JUnitReportReporter -->
<testsuite hostname="Bharadwaj-B6DD2G2" failures="0" tests="6" name="wordreader.dummy" time="0.045" errors="0" timestamp="2024-05-20T11:52:00 IST" skipped="0">
  <testcase classname="wordreader.dummy" name="thirdTest" time="0.007"/>
  <testcase classname="wordreader.dummy" name="secondTest" time="0.005"/>
  <testcase classname="wordreader.dummy" name="thirdTest" time="0.006"/>
  <testcase classname="wordreader.dummy" name="secondTest" time="0.004"/>
  <testcase classname="wordreader.dummy" name="testWithData" time="0.019"/>
  <testcase classname="wordreader.dummy" name="testWithData" time="0.004"/>
</testsuite> <!-- wordreader.dummy -->
