<?xml version="1.0" encoding="UTF-8"?>
<!-- Generated by org.testng.reporters.JUnitReportReporter -->
<testsuite hostname="Bharadwaj-B6DD2G2" failures="0" tests="1" name="andoird.com.Learning.mailotp" time="2.473" errors="0" timestamp="2024-03-29T14:02:50 IST" skipped="0">
  <testcase classname="andoird.com.Learning.mailotp" name="mailotpvalidation" time="2.473"/>
</testsuite> <!-- andoird.com.Learning.mailotp -->
