<?xml version="1.0" encoding="UTF-8"?>
<!-- Generated by org.testng.reporters.JUnitReportReporter -->
<testsuite hostname="Bharadwaj-B6DD2G2" failures="0" tests="1" name="com.tests.Post_an_Activity_rings" time="15.771" errors="0" timestamp="2024-04-23T14:58:06 IST" skipped="0">
  <testcase classname="com.tests.Post_an_Activity_rings" name="TC_005" time="15.771"/>
</testsuite> <!-- com.tests.Post_an_Activity_rings -->
