<?xml version="1.0" encoding="UTF-8"?>
<!-- Generated by org.testng.reporters.JUnitReportReporter -->
<testsuite hostname="Bharadwaj-B6DD2G2" failures="0" tests="1" name="com.tests.collectnoisecoinsformdashboard" time="27.119" errors="0" timestamp="2024-04-23T14:58:06 IST" skipped="0">
  <testcase classname="com.tests.collectnoisecoinsformdashboard" name="TC_007" time="27.119"/>
</testsuite> <!-- com.tests.collectnoisecoinsformdashboard -->
