<?xml version="1.0" encoding="UTF-8"?>
<!-- Generated by org.testng.reporters.JUnitReportReporter -->
<testsuite hostname="Bharadwaj-B6DD2G2" failures="0" tests="8" name="com.tests.Login" time="378.888" errors="0" timestamp="2024-04-23T11:26:27 IST" skipped="2">
  <testcase classname="com.tests.Login" name="TC_001" time="213.453"/>
  <testcase classname="com.tests.Login" name="TC_004" time="24.572"/>
  <testcase classname="com.tests.Login" name="TC_003" time="9.905"/>
  <testcase classname="com.tests.Login" name="TC_006" time="54.646"/>
  <testcase classname="com.tests.Login" name="TC_005" time="14.705"/>
  <testcase classname="com.tests.Login" name="TC_002" time="61.607"/>
  <testcase classname="com.tests.Login" name="TC_">
    <skipped/>
  </testcase> <!-- TC_ -->
  <testcase classname="com.tests.Login" name="TC_007">
    <skipped/>
  </testcase> <!-- TC_007 -->
</testsuite> <!-- com.tests.Login -->
