<?xml version="1.0" encoding="UTF-8"?>
<!-- Generated by org.testng.reporters.JUnitReportReporter -->
<testsuite hostname="Bharadwaj-B6DD2G2" failures="0" tests="1" name="com.tests.Validate_fitnessandhealthpage" time="61.419" errors="0" timestamp="2024-04-23T14:58:06 IST" skipped="0">
  <testcase classname="com.tests.Validate_fitnessandhealthpage" name="TC_002" time="61.419"/>
</testsuite> <!-- com.tests.Validate_fitnessandhealthpage -->
