<?xml version="1.0" encoding="UTF-8"?>
<!-- Generated by org.testng.reporters.JUnitReportReporter -->
<testsuite hostname="Bharadwaj-B6DD2G2" failures="0" tests="1" name="com.tests.Login_into_application" time="215.669" errors="0" timestamp="2024-04-23T14:58:06 IST" skipped="0">
  <testcase classname="com.tests.Login_into_application" name="TC_001" time="215.669"/>
</testsuite> <!-- com.tests.Login_into_application -->
