<?xml version="1.0" encoding="UTF-8"?>
<!-- Generated by org.testng.reporters.JUnitReportReporter -->
<testsuite hostname="Bharadwaj-B6DD2G2" failures="0" tests="1" name="andoird.com.Learning.appiumserverstartandstop" time="27.610" errors="0" timestamp="2024-04-22T16:29:00 IST" skipped="0">
  <testcase classname="andoird.com.Learning.appiumserverstartandstop" name="demo" time="27.610"/>
</testsuite> <!-- andoird.com.Learning.appiumserverstartandstop -->
