<?xml version="1.0" encoding="UTF-8"?>
<!-- Generated by org.testng.reporters.JUnitReportReporter -->
<testsuite hostname="Bharadwaj-B6DD2G2" failures="0" tests="1" name="com.tests.Login" time="105.837" errors="0" timestamp="2024-04-05T17:48:52 IST" skipped="0">
  <testcase classname="com.tests.Login" name="TC_001" time="105.837"/>
</testsuite> <!-- com.tests.Login -->
