<?xml version="1.0" encoding="UTF-8"?>
<!-- Generated by org.testng.reporters.JUnitReportReporter -->
<testsuite hostname="Bharadwaj-B6DD2G2" failures="0" tests="1" name="com.tests.Accept_the_friend_request" time="39.286" errors="0" timestamp="2024-04-23T14:58:06 IST" skipped="0">
  <testcase classname="com.tests.Accept_the_friend_request" name="TC_006" time="39.286"/>
</testsuite> <!-- com.tests.Accept_the_friend_request -->
