<?xml version="1.0" encoding="UTF-8"?>
<!-- Generated by org.testng.reporters.JUnitReportReporter -->
<testsuite hostname="Bharadwaj-B6DD2G2" failures="0" tests="1" name="andoird.com.Learning.Capcha" time="0.484" errors="0" timestamp="2024-03-26T18:00:27 IST" skipped="0">
  <testcase classname="andoird.com.Learning.Capcha" name="cap" time="0.484"/>
</testsuite> <!-- andoird.com.Learning.Capcha -->
