<?xml version="1.0" encoding="UTF-8"?>
<!-- Generated by org.testng.reporters.JUnitReportReporter -->
<testsuite hostname="Bharadwaj-B6DD2G2" failures="0" tests="1" name="com.tests.delete_an_account" time="7.774" errors="0" timestamp="2024-04-23T14:58:06 IST" skipped="0">
  <testcase classname="com.tests.delete_an_account" name="TC_009" time="7.774"/>
</testsuite> <!-- com.tests.delete_an_account -->
